2026-03-28T15:31:18.413+01:00 DEBUG 14700 --- [Tasks App] [main] o.s.w.f.CommonsRequestLoggingFilter      : Filter 'logFilter' configured for use
2026-03-28T15:31:21.700+01:00  WARN 14700 --- [Tasks App] [main] JpaBaseConfiguration$JpaWebConfiguration : spring.jpa.open-in-view is enabled by default. Therefore, database queries may be performed during view rendering. Explicitly configure spring.jpa.open-in-view to disable this warning
2026-03-28T15:31:22.221+01:00  WARN 14700 --- [Tasks App] [main] c.marko.tasks_app.config.StartupLogger   : ============ APLIKACIJA JE POKRENUTA - 2026-03-28 15:31:22 ============
2026-03-28T15:31:23.736+01:00 DEBUG 14700 --- [Tasks App] [http-nio-8080-exec-1] o.s.w.f.CommonsRequestLoggingFilter      : Before request [GET /api/v1/tasks, client=0:0:0:0:0:0:0:1]
2026-03-28T15:31:23.796+01:00 DEBUG 14700 --- [Tasks App] [http-nio-8080-exec-1] o.s.w.f.CommonsRequestLoggingFilter      : After request [GET /api/v1/tasks, client=0:0:0:0:0:0:0:1]
2026-03-28T15:31:24.673+01:00 DEBUG 14700 --- [Tasks App] [http-nio-8080-exec-2] o.s.w.f.CommonsRequestLoggingFilter      : Before request [GET /api/v1/tasks, client=0:0:0:0:0:0:0:1]
2026-03-28T15:31:24.675+01:00 DEBUG 14700 --- [Tasks App] [http-nio-8080-exec-2] o.s.w.f.CommonsRequestLoggingFilter      : After request [GET /api/v1/tasks, client=0:0:0:0:0:0:0:1]
2026-03-28T15:31:25.594+01:00 DEBUG 14700 --- [Tasks App] [http-nio-8080-exec-3] o.s.w.f.CommonsRequestLoggingFilter      : Before request [GET /api/v1/tasks, client=0:0:0:0:0:0:0:1]
2026-03-28T15:31:25.595+01:00 DEBUG 14700 --- [Tasks App] [http-nio-8080-exec-3] o.s.w.f.CommonsRequestLoggingFilter      : After request [GET /api/v1/tasks, client=0:0:0:0:0:0:0:1]
2026-03-28T15:31:27.061+01:00 DEBUG 14700 --- [Tasks App] [http-nio-8080-exec-4] o.s.w.f.CommonsRequestLoggingFilter      : Before request [GET /api/v1/tasks, client=0:0:0:0:0:0:0:1]
2026-03-28T15:31:27.062+01:00 DEBUG 14700 --- [Tasks App] [http-nio-8080-exec-4] o.s.w.f.CommonsRequestLoggingFilter      : After request [GET /api/v1/tasks, client=0:0:0:0:0:0:0:1]
2026-03-28T15:31:33.849+01:00 DEBUG 14700 --- [Tasks App] [http-nio-8080-exec-6] o.s.w.f.CommonsRequestLoggingFilter      : Before request [GET /api/v1/tasks, client=0:0:0:0:0:0:0:1]
2026-03-28T15:31:33.850+01:00 DEBUG 14700 --- [Tasks App] [http-nio-8080-exec-6] o.s.w.f.CommonsRequestLoggingFilter      : After request [GET /api/v1/tasks, client=0:0:0:0:0:0:0:1]
2026-03-28T15:32:03.219+01:00 DEBUG 14700 --- [Tasks App] [http-nio-8080-exec-5] o.s.w.f.CommonsRequestLoggingFilter      : Before request [GET /api/v1/tasks, client=0:0:0:0:0:0:0:1]
2026-03-28T15:32:03.220+01:00 DEBUG 14700 --- [Tasks App] [http-nio-8080-exec-5] o.s.w.f.CommonsRequestLoggingFilter      : After request [GET /api/v1/tasks, client=0:0:0:0:0:0:0:1]
2026-03-28T15:32:04.433+01:00 DEBUG 14700 --- [Tasks App] [http-nio-8080-exec-7] o.s.w.f.CommonsRequestLoggingFilter      : Before request [GET /api/v1/tasks, client=0:0:0:0:0:0:0:1]
2026-03-28T15:32:04.435+01:00 DEBUG 14700 --- [Tasks App] [http-nio-8080-exec-7] o.s.w.f.CommonsRequestLoggingFilter      : After request [GET /api/v1/tasks, client=0:0:0:0:0:0:0:1]
2026-03-28T15:32:05.596+01:00 DEBUG 14700 --- [Tasks App] [http-nio-8080-exec-8] o.s.w.f.CommonsRequestLoggingFilter      : Before request [GET /api/v1/tasks, client=0:0:0:0:0:0:0:1]
2026-03-28T15:32:05.597+01:00 DEBUG 14700 --- [Tasks App] [http-nio-8080-exec-8] o.s.w.f.CommonsRequestLoggingFilter      : After request [GET /api/v1/tasks, client=0:0:0:0:0:0:0:1]
2026-03-28T15:32:06.180+01:00 DEBUG 14700 --- [Tasks App] [http-nio-8080-exec-9] o.s.w.f.CommonsRequestLoggingFilter      : Before request [GET /api/v1/tasks, client=0:0:0:0:0:0:0:1]
2026-03-28T15:32:06.182+01:00 DEBUG 14700 --- [Tasks App] [http-nio-8080-exec-9] o.s.w.f.CommonsRequestLoggingFilter      : After request [GET /api/v1/tasks, client=0:0:0:0:0:0:0:1]
2026-03-28T15:32:06.512+01:00 DEBUG 14700 --- [Tasks App] [http-nio-8080-exec-10] o.s.w.f.CommonsRequestLoggingFilter      : Before request [GET /api/v1/tasks, client=0:0:0:0:0:0:0:1]
2026-03-28T15:32:06.513+01:00 DEBUG 14700 --- [Tasks App] [http-nio-8080-exec-10] o.s.w.f.CommonsRequestLoggingFilter      : After request [GET /api/v1/tasks, client=0:0:0:0:0:0:0:1]
2026-03-28T15:32:06.778+01:00 DEBUG 14700 --- [Tasks App] [http-nio-8080-exec-1] o.s.w.f.CommonsRequestLoggingFilter      : Before request [GET /api/v1/tasks, client=0:0:0:0:0:0:0:1]
2026-03-28T15:32:06.779+01:00 DEBUG 14700 --- [Tasks App] [http-nio-8080-exec-1] o.s.w.f.CommonsRequestLoggingFilter      : After request [GET /api/v1/tasks, client=0:0:0:0:0:0:0:1]
2026-03-28T15:32:06.994+01:00 DEBUG 14700 --- [Tasks App] [http-nio-8080-exec-2] o.s.w.f.CommonsRequestLoggingFilter      : Before request [GET /api/v1/tasks, client=0:0:0:0:0:0:0:1]
2026-03-28T15:32:06.995+01:00 DEBUG 14700 --- [Tasks App] [http-nio-8080-exec-2] o.s.w.f.CommonsRequestLoggingFilter      : After request [GET /api/v1/tasks, client=0:0:0:0:0:0:0:1]
2026-03-28T15:32:07.532+01:00 DEBUG 14700 --- [Tasks App] [http-nio-8080-exec-3] o.s.w.f.CommonsRequestLoggingFilter      : Before request [GET /api/v1/tasks, client=0:0:0:0:0:0:0:1]
2026-03-28T15:32:07.533+01:00 DEBUG 14700 --- [Tasks App] [http-nio-8080-exec-3] o.s.w.f.CommonsRequestLoggingFilter      : After request [GET /api/v1/tasks, client=0:0:0:0:0:0:0:1]
2026-03-28T15:32:11.099+01:00 DEBUG 14700 --- [Tasks App] [http-nio-8080-exec-4] o.s.w.f.CommonsRequestLoggingFilter      : Before request [OPTIONS /api/v1/tasks, client=0:0:0:0:0:0:0:1]
2026-03-28T15:32:11.102+01:00 DEBUG 14700 --- [Tasks App] [http-nio-8080-exec-4] o.s.w.f.CommonsRequestLoggingFilter      : After request [OPTIONS /api/v1/tasks, client=0:0:0:0:0:0:0:1]
2026-03-28T15:32:31.696+01:00 DEBUG 14700 --- [Tasks App] [http-nio-8080-exec-6] o.s.w.f.CommonsRequestLoggingFilter      : Before request [GET /api/v1/tasks, client=0:0:0:0:0:0:0:1]
2026-03-28T15:32:31.698+01:00 DEBUG 14700 --- [Tasks App] [http-nio-8080-exec-6] o.s.w.f.CommonsRequestLoggingFilter      : After request [GET /api/v1/tasks, client=0:0:0:0:0:0:0:1]
2026-03-28T15:32:33.378+01:00 DEBUG 14700 --- [Tasks App] [http-nio-8080-exec-5] o.s.w.f.CommonsRequestLoggingFilter      : Before request [GET /api/v1/tasks, client=0:0:0:0:0:0:0:1]
2026-03-28T15:32:33.379+01:00 DEBUG 14700 --- [Tasks App] [http-nio-8080-exec-5] o.s.w.f.CommonsRequestLoggingFilter      : After request [GET /api/v1/tasks, client=0:0:0:0:0:0:0:1]
2026-03-28T15:32:34.876+01:00 DEBUG 14700 --- [Tasks App] [http-nio-8080-exec-7] o.s.w.f.CommonsRequestLoggingFilter      : Before request [GET /api/v1/tasks, client=0:0:0:0:0:0:0:1]
2026-03-28T15:32:34.877+01:00 DEBUG 14700 --- [Tasks App] [http-nio-8080-exec-7] o.s.w.f.CommonsRequestLoggingFilter      : After request [GET /api/v1/tasks, client=0:0:0:0:0:0:0:1]
2026-03-28T15:32:35.685+01:00 DEBUG 14700 --- [Tasks App] [http-nio-8080-exec-8] o.s.w.f.CommonsRequestLoggingFilter      : Before request [GET /api/v1/tasks, client=0:0:0:0:0:0:0:1]
2026-03-28T15:32:35.687+01:00 DEBUG 14700 --- [Tasks App] [http-nio-8080-exec-8] o.s.w.f.CommonsRequestLoggingFilter      : After request [GET /api/v1/tasks, client=0:0:0:0:0:0:0:1]
2026-03-28T16:41:37.438+01:00 DEBUG 14700 --- [Tasks App] [http-nio-8080-exec-10] o.s.w.f.CommonsRequestLoggingFilter      : Before request [GET /api/v1/tasks, client=0:0:0:0:0:0:0:1]
2026-03-28T16:41:37.906+01:00 DEBUG 14700 --- [Tasks App] [http-nio-8080-exec-10] o.s.w.f.CommonsRequestLoggingFilter      : After request [GET /api/v1/tasks, client=0:0:0:0:0:0:0:1]
2026-03-28T16:41:41.752+01:00 DEBUG 14700 --- [Tasks App] [http-nio-8080-exec-1] o.s.w.f.CommonsRequestLoggingFilter      : Before request [GET /api/v1/tasks, client=0:0:0:0:0:0:0:1]
2026-03-28T16:41:41.753+01:00 DEBUG 14700 --- [Tasks App] [http-nio-8080-exec-1] o.s.w.f.CommonsRequestLoggingFilter      : After request [GET /api/v1/tasks, client=0:0:0:0:0:0:0:1]
2026-03-28T16:41:53.241+01:00 DEBUG 14700 --- [Tasks App] [http-nio-8080-exec-2] o.s.w.f.CommonsRequestLoggingFilter      : Before request [GET /api/v1/tasks, client=0:0:0:0:0:0:0:1]
2026-03-28T16:41:53.248+01:00 DEBUG 14700 --- [Tasks App] [http-nio-8080-exec-2] o.s.w.f.CommonsRequestLoggingFilter      : After request [GET /api/v1/tasks, client=0:0:0:0:0:0:0:1]
2026-03-28T16:42:22.461+01:00 DEBUG 14700 --- [Tasks App] [http-nio-8080-exec-3] o.s.w.f.CommonsRequestLoggingFilter      : Before request [GET /api/v1/tasks, client=0:0:0:0:0:0:0:1]
2026-03-28T16:42:22.468+01:00 DEBUG 14700 --- [Tasks App] [http-nio-8080-exec-3] o.s.w.f.CommonsRequestLoggingFilter      : After request [GET /api/v1/tasks, client=0:0:0:0:0:0:0:1]
2026-03-28T16:42:23.828+01:00 DEBUG 14700 --- [Tasks App] [http-nio-8080-exec-4] o.s.w.f.CommonsRequestLoggingFilter      : Before request [GET /api/v1/tasks, client=0:0:0:0:0:0:0:1]
2026-03-28T16:42:23.836+01:00 DEBUG 14700 --- [Tasks App] [http-nio-8080-exec-4] o.s.w.f.CommonsRequestLoggingFilter      : After request [GET /api/v1/tasks, client=0:0:0:0:0:0:0:1]
2026-03-28T16:42:55.620+01:00 DEBUG 14700 --- [Tasks App] [http-nio-8080-exec-5] o.s.w.f.CommonsRequestLoggingFilter      : Before request [GET /api/v1/tasks, client=0:0:0:0:0:0:0:1]
2026-03-28T16:42:55.629+01:00 DEBUG 14700 --- [Tasks App] [http-nio-8080-exec-5] o.s.w.f.CommonsRequestLoggingFilter      : After request [GET /api/v1/tasks, client=0:0:0:0:0:0:0:1]
2026-03-28T16:46:37.041+01:00 DEBUG 14700 --- [Tasks App] [http-nio-8080-exec-7] o.s.w.f.CommonsRequestLoggingFilter      : Before request [GET /api/v1/tasks, client=0:0:0:0:0:0:0:1]
2026-03-28T16:46:37.042+01:00 DEBUG 14700 --- [Tasks App] [http-nio-8080-exec-7] o.s.w.f.CommonsRequestLoggingFilter      : After request [GET /api/v1/tasks, client=0:0:0:0:0:0:0:1]
2026-03-28T16:46:42.013+01:00 DEBUG 14700 --- [Tasks App] [http-nio-8080-exec-8] o.s.w.f.CommonsRequestLoggingFilter      : Before request [GET /api/v1/tasks, client=0:0:0:0:0:0:0:1]
2026-03-28T16:46:42.022+01:00 DEBUG 14700 --- [Tasks App] [http-nio-8080-exec-8] o.s.w.f.CommonsRequestLoggingFilter      : After request [GET /api/v1/tasks, client=0:0:0:0:0:0:0:1]
2026-03-28T16:46:44.189+01:00 DEBUG 14700 --- [Tasks App] [http-nio-8080-exec-9] o.s.w.f.CommonsRequestLoggingFilter      : Before request [GET /api/v1/tasks, client=0:0:0:0:0:0:0:1]
2026-03-28T16:46:44.196+01:00 DEBUG 14700 --- [Tasks App] [http-nio-8080-exec-9] o.s.w.f.CommonsRequestLoggingFilter      : After request [GET /api/v1/tasks, client=0:0:0:0:0:0:0:1]
2026-03-28T16:46:47.070+01:00 DEBUG 14700 --- [Tasks App] [http-nio-8080-exec-10] o.s.w.f.CommonsRequestLoggingFilter      : Before request [GET /api/v1/tasks, client=0:0:0:0:0:0:0:1]
2026-03-28T16:46:47.076+01:00 DEBUG 14700 --- [Tasks App] [http-nio-8080-exec-10] o.s.w.f.CommonsRequestLoggingFilter      : After request [GET /api/v1/tasks, client=0:0:0:0:0:0:0:1]
2026-03-28T16:46:48.208+01:00 DEBUG 14700 --- [Tasks App] [http-nio-8080-exec-1] o.s.w.f.CommonsRequestLoggingFilter      : Before request [GET /api/v1/tasks, client=0:0:0:0:0:0:0:1]
2026-03-28T16:46:48.215+01:00 DEBUG 14700 --- [Tasks App] [http-nio-8080-exec-1] o.s.w.f.CommonsRequestLoggingFilter      : After request [GET /api/v1/tasks, client=0:0:0:0:0:0:0:1]
2026-03-28T16:46:59.626+01:00 DEBUG 14700 --- [Tasks App] [http-nio-8080-exec-2] o.s.w.f.CommonsRequestLoggingFilter      : Before request [GET /api/v1/tasks, client=0:0:0:0:0:0:0:1]
2026-03-28T16:46:59.633+01:00 DEBUG 14700 --- [Tasks App] [http-nio-8080-exec-2] o.s.w.f.CommonsRequestLoggingFilter      : After request [GET /api/v1/tasks, client=0:0:0:0:0:0:0:1]
2026-03-28T16:47:06.743+01:00 DEBUG 14700 --- [Tasks App] [http-nio-8080-exec-3] o.s.w.f.CommonsRequestLoggingFilter      : Before request [GET /api/v1/tasks, client=0:0:0:0:0:0:0:1]
2026-03-28T16:47:06.751+01:00 DEBUG 14700 --- [Tasks App] [http-nio-8080-exec-3] o.s.w.f.CommonsRequestLoggingFilter      : After request [GET /api/v1/tasks, client=0:0:0:0:0:0:0:1]
2026-03-28T16:47:11.975+01:00 DEBUG 14700 --- [Tasks App] [http-nio-8080-exec-4] o.s.w.f.CommonsRequestLoggingFilter      : Before request [GET /api/v1/tasks, client=0:0:0:0:0:0:0:1]
2026-03-28T16:47:11.983+01:00 DEBUG 14700 --- [Tasks App] [http-nio-8080-exec-4] o.s.w.f.CommonsRequestLoggingFilter      : After request [GET /api/v1/tasks, client=0:0:0:0:0:0:0:1]
2026-03-28T16:47:21.098+01:00 DEBUG 14700 --- [Tasks App] [http-nio-8080-exec-6] o.s.w.f.CommonsRequestLoggingFilter      : Before request [GET /api/v1/tasks, client=0:0:0:0:0:0:0:1]
2026-03-28T16:47:21.105+01:00 DEBUG 14700 --- [Tasks App] [http-nio-8080-exec-6] o.s.w.f.CommonsRequestLoggingFilter      : After request [GET /api/v1/tasks, client=0:0:0:0:0:0:0:1]
2026-03-28T16:47:25.310+01:00 DEBUG 14700 --- [Tasks App] [http-nio-8080-exec-5] o.s.w.f.CommonsRequestLoggingFilter      : Before request [GET /api/v1/tasks, client=0:0:0:0:0:0:0:1]
2026-03-28T16:47:25.316+01:00 DEBUG 14700 --- [Tasks App] [http-nio-8080-exec-5] o.s.w.f.CommonsRequestLoggingFilter      : After request [GET /api/v1/tasks, client=0:0:0:0:0:0:0:1]
2026-03-28T16:48:50.752+01:00 DEBUG 14700 --- [Tasks App] [http-nio-8080-exec-8] o.s.w.f.CommonsRequestLoggingFilter      : Before request [GET /api/v1/tasks, client=0:0:0:0:0:0:0:1]
2026-03-28T16:48:50.757+01:00 DEBUG 14700 --- [Tasks App] [http-nio-8080-exec-8] o.s.w.f.CommonsRequestLoggingFilter      : After request [GET /api/v1/tasks, client=0:0:0:0:0:0:0:1]
2026-03-28T16:49:08.737+01:00 DEBUG 19416 --- [Tasks App] [main] o.s.w.f.CommonsRequestLoggingFilter      : Filter 'logFilter' configured for use
2026-03-28T16:49:10.616+01:00  WARN 19416 --- [Tasks App] [main] JpaBaseConfiguration$JpaWebConfiguration : spring.jpa.open-in-view is enabled by default. Therefore, database queries may be performed during view rendering. Explicitly configure spring.jpa.open-in-view to disable this warning
2026-03-28T16:49:10.944+01:00  WARN 19416 --- [Tasks App] [main] c.marko.tasks_app.config.StartupLogger   : ============ APLIKACIJA JE POKRENUTA - 2026-03-28 16:49:10 ============
2026-03-28T16:49:13.540+01:00 DEBUG 19416 --- [Tasks App] [http-nio-8080-exec-1] o.s.w.f.CommonsRequestLoggingFilter      : Before request [GET /api/v1/tasks, client=0:0:0:0:0:0:0:1]
2026-03-28T16:49:13.765+01:00 DEBUG 19416 --- [Tasks App] [http-nio-8080-exec-1] o.s.w.f.CommonsRequestLoggingFilter      : After request [GET /api/v1/tasks, client=0:0:0:0:0:0:0:1]
2026-03-28T16:50:47.677+01:00 DEBUG 19416 --- [Tasks App] [http-nio-8080-exec-2] o.s.w.f.CommonsRequestLoggingFilter      : Before request [GET /api/v1/tasks, client=0:0:0:0:0:0:0:1]
2026-03-28T16:50:47.684+01:00 DEBUG 19416 --- [Tasks App] [http-nio-8080-exec-2] o.s.w.f.CommonsRequestLoggingFilter      : After request [GET /api/v1/tasks, client=0:0:0:0:0:0:0:1]
2026-03-28T16:50:49.511+01:00 DEBUG 19416 --- [Tasks App] [http-nio-8080-exec-3] o.s.w.f.CommonsRequestLoggingFilter      : Before request [DELETE /api/v1/tasks/49987666-835f-4967-97e7-fde721b7c3f4, client=0:0:0:0:0:0:0:1]
2026-03-28T16:50:49.519+01:00 DEBUG 19416 --- [Tasks App] [http-nio-8080-exec-3] o.s.w.f.CommonsRequestLoggingFilter      : After request [DELETE /api/v1/tasks/49987666-835f-4967-97e7-fde721b7c3f4, client=0:0:0:0:0:0:0:1]
2026-03-28T16:50:51.318+01:00 DEBUG 19416 --- [Tasks App] [http-nio-8080-exec-4] o.s.w.f.CommonsRequestLoggingFilter      : Before request [DELETE /api/v1/tasks/49987666-835f-4967-97e7-fde721b7c3f4, client=0:0:0:0:0:0:0:1]
2026-03-28T16:50:51.320+01:00 DEBUG 19416 --- [Tasks App] [http-nio-8080-exec-4] o.s.w.f.CommonsRequestLoggingFilter      : After request [DELETE /api/v1/tasks/49987666-835f-4967-97e7-fde721b7c3f4, client=0:0:0:0:0:0:0:1]
2026-03-28T16:51:06.242+01:00 DEBUG 19416 --- [Tasks App] [http-nio-8080-exec-5] o.s.w.f.CommonsRequestLoggingFilter      : Before request [POST /api/v1/tasks, client=0:0:0:0:0:0:0:1]
2026-03-28T16:51:06.243+01:00 DEBUG 19416 --- [Tasks App] [http-nio-8080-exec-5] o.s.w.f.CommonsRequestLoggingFilter      : After request [POST /api/v1/tasks, client=0:0:0:0:0:0:0:1]
2026-03-28T16:51:14.878+01:00 DEBUG 19416 --- [Tasks App] [http-nio-8080-exec-6] o.s.w.f.CommonsRequestLoggingFilter      : Before request [GET /api/v1/tasks, client=0:0:0:0:0:0:0:1]
2026-03-28T16:51:14.885+01:00 DEBUG 19416 --- [Tasks App] [http-nio-8080-exec-6] o.s.w.f.CommonsRequestLoggingFilter      : After request [GET /api/v1/tasks, client=0:0:0:0:0:0:0:1]
2026-03-28T16:51:20.454+01:00 DEBUG 19416 --- [Tasks App] [http-nio-8080-exec-7] o.s.w.f.CommonsRequestLoggingFilter      : Before request [DELETE /api/v1/tasks/fd629979-5479-4304-97a9-e5827c1099c0, client=0:0:0:0:0:0:0:1]
2026-03-28T16:51:20.455+01:00 DEBUG 19416 --- [Tasks App] [http-nio-8080-exec-7] o.s.w.f.CommonsRequestLoggingFilter      : After request [DELETE /api/v1/tasks/fd629979-5479-4304-97a9-e5827c1099c0, client=0:0:0:0:0:0:0:1]
2026-03-28T16:51:47.032+01:00 DEBUG 14484 --- [Tasks App] [main] o.s.w.f.CommonsRequestLoggingFilter      : Filter 'logFilter' configured for use
2026-03-28T16:51:48.801+01:00  WARN 14484 --- [Tasks App] [main] JpaBaseConfiguration$JpaWebConfiguration : spring.jpa.open-in-view is enabled by default. Therefore, database queries may be performed during view rendering. Explicitly configure spring.jpa.open-in-view to disable this warning
2026-03-28T16:51:49.136+01:00  WARN 14484 --- [Tasks App] [main] c.marko.tasks_app.config.StartupLogger   : ============ APLIKACIJA JE POKRENUTA - 2026-03-28 16:51:49 ============
2026-03-28T16:51:52.604+01:00 DEBUG 14484 --- [Tasks App] [http-nio-8080-exec-1] o.s.w.f.CommonsRequestLoggingFilter      : Before request [DELETE /api/v1/tasks/fd629979-5479-4304-97a9-e5827c1099c0, client=0:0:0:0:0:0:0:1]
2026-03-28T16:51:53.468+01:00 DEBUG 14484 --- [Tasks App] [http-nio-8080-exec-1] o.s.w.f.CommonsRequestLoggingFilter      : After request [DELETE /api/v1/tasks/fd629979-5479-4304-97a9-e5827c1099c0, client=0:0:0:0:0:0:0:1]
2026-03-28T16:51:53.481+01:00 DEBUG 14484 --- [Tasks App] [http-nio-8080-exec-2] o.s.w.f.CommonsRequestLoggingFilter      : Before request [GET /api/v1/tasks, client=0:0:0:0:0:0:0:1]
2026-03-28T16:51:53.625+01:00 DEBUG 14484 --- [Tasks App] [http-nio-8080-exec-2] o.s.w.f.CommonsRequestLoggingFilter      : After request [GET /api/v1/tasks, client=0:0:0:0:0:0:0:1]
2026-03-28T16:51:56.371+01:00 DEBUG 14484 --- [Tasks App] [http-nio-8080-exec-3] o.s.w.f.CommonsRequestLoggingFilter      : Before request [DELETE /api/v1/tasks/c5767131-8b3a-4f4d-96c9-ed78e9a662d3, client=0:0:0:0:0:0:0:1]
2026-03-28T16:51:56.380+01:00 DEBUG 14484 --- [Tasks App] [http-nio-8080-exec-3] o.s.w.f.CommonsRequestLoggingFilter      : After request [DELETE /api/v1/tasks/c5767131-8b3a-4f4d-96c9-ed78e9a662d3, client=0:0:0:0:0:0:0:1]
2026-03-28T16:51:56.391+01:00 DEBUG 14484 --- [Tasks App] [http-nio-8080-exec-4] o.s.w.f.CommonsRequestLoggingFilter      : Before request [GET /api/v1/tasks, client=0:0:0:0:0:0:0:1]
2026-03-28T16:51:56.396+01:00 DEBUG 14484 --- [Tasks App] [http-nio-8080-exec-4] o.s.w.f.CommonsRequestLoggingFilter      : After request [GET /api/v1/tasks, client=0:0:0:0:0:0:0:1]
2026-03-28T16:52:00.379+01:00 DEBUG 14484 --- [Tasks App] [http-nio-8080-exec-5] o.s.w.f.CommonsRequestLoggingFilter      : Before request [DELETE /api/v1/tasks/565532fa-ea70-4acc-a297-d0fa5f18000d, client=0:0:0:0:0:0:0:1]
2026-03-28T16:52:00.383+01:00 DEBUG 14484 --- [Tasks App] [http-nio-8080-exec-5] o.s.w.f.CommonsRequestLoggingFilter      : After request [DELETE /api/v1/tasks/565532fa-ea70-4acc-a297-d0fa5f18000d, client=0:0:0:0:0:0:0:1]
2026-03-28T16:52:00.394+01:00 DEBUG 14484 --- [Tasks App] [http-nio-8080-exec-6] o.s.w.f.CommonsRequestLoggingFilter      : Before request [GET /api/v1/tasks, client=0:0:0:0:0:0:0:1]
2026-03-28T16:52:00.400+01:00 DEBUG 14484 --- [Tasks App] [http-nio-8080-exec-6] o.s.w.f.CommonsRequestLoggingFilter      : After request [GET /api/v1/tasks, client=0:0:0:0:0:0:0:1]
2026-03-28T16:53:54.311+01:00 DEBUG 31688 --- [Tasks App] [main] o.s.w.f.CommonsRequestLoggingFilter      : Filter 'logFilter' configured for use
2026-03-28T16:53:56.270+01:00  WARN 31688 --- [Tasks App] [main] JpaBaseConfiguration$JpaWebConfiguration : spring.jpa.open-in-view is enabled by default. Therefore, database queries may be performed during view rendering. Explicitly configure spring.jpa.open-in-view to disable this warning
2026-03-28T16:53:56.789+01:00  WARN 31688 --- [Tasks App] [main] c.marko.tasks_app.config.StartupLogger   : ============ APLIKACIJA JE POKRENUTA - 2026-03-28 16:53:56 ============
2026-03-28T16:53:59.348+01:00 DEBUG 31688 --- [Tasks App] [http-nio-8080-exec-1] o.s.w.f.CommonsRequestLoggingFilter      : Before request [GET /api/v1/tasks, client=0:0:0:0:0:0:0:1]
2026-03-28T16:53:59.552+01:00 DEBUG 31688 --- [Tasks App] [http-nio-8080-exec-1] o.s.w.f.CommonsRequestLoggingFilter      : After request [GET /api/v1/tasks, client=0:0:0:0:0:0:0:1]
2026-03-28T16:54:01.424+01:00 DEBUG 31688 --- [Tasks App] [http-nio-8080-exec-2] o.s.w.f.CommonsRequestLoggingFilter      : Before request [DELETE /api/v1/tasks/d3a7ab33-13a6-4afa-ae58-d914a47f9520, client=0:0:0:0:0:0:0:1]
2026-03-28T16:54:01.449+01:00 DEBUG 31688 --- [Tasks App] [http-nio-8080-exec-2] o.s.w.f.CommonsRequestLoggingFilter      : After request [DELETE /api/v1/tasks/d3a7ab33-13a6-4afa-ae58-d914a47f9520, client=0:0:0:0:0:0:0:1]
2026-03-28T16:54:01.462+01:00 DEBUG 31688 --- [Tasks App] [http-nio-8080-exec-3] o.s.w.f.CommonsRequestLoggingFilter      : Before request [GET /api/v1/tasks, client=0:0:0:0:0:0:0:1]
2026-03-28T16:54:01.468+01:00 DEBUG 31688 --- [Tasks App] [http-nio-8080-exec-3] o.s.w.f.CommonsRequestLoggingFilter      : After request [GET /api/v1/tasks, client=0:0:0:0:0:0:0:1]
2026-03-28T16:54:02.057+01:00 DEBUG 31688 --- [Tasks App] [http-nio-8080-exec-4] o.s.w.f.CommonsRequestLoggingFilter      : Before request [DELETE /api/v1/tasks/19fa732c-8f2e-41f9-a83f-7df77495ce57, client=0:0:0:0:0:0:0:1]
2026-03-28T16:54:02.060+01:00 DEBUG 31688 --- [Tasks App] [http-nio-8080-exec-4] o.s.w.f.CommonsRequestLoggingFilter      : After request [DELETE /api/v1/tasks/19fa732c-8f2e-41f9-a83f-7df77495ce57, client=0:0:0:0:0:0:0:1]
2026-03-28T16:54:02.071+01:00 DEBUG 31688 --- [Tasks App] [http-nio-8080-exec-5] o.s.w.f.CommonsRequestLoggingFilter      : Before request [GET /api/v1/tasks, client=0:0:0:0:0:0:0:1]
2026-03-28T16:54:02.076+01:00 DEBUG 31688 --- [Tasks App] [http-nio-8080-exec-5] o.s.w.f.CommonsRequestLoggingFilter      : After request [GET /api/v1/tasks, client=0:0:0:0:0:0:0:1]
2026-03-28T16:54:45.976+01:00 DEBUG 31688 --- [Tasks App] [http-nio-8080-exec-6] o.s.w.f.CommonsRequestLoggingFilter      : Before request [GET /api/v1/tasks, client=0:0:0:0:0:0:0:1]
2026-03-28T16:54:45.983+01:00 DEBUG 31688 --- [Tasks App] [http-nio-8080-exec-6] o.s.w.f.CommonsRequestLoggingFilter      : After request [GET /api/v1/tasks, client=0:0:0:0:0:0:0:1]
2026-03-28T16:54:57.185+01:00 DEBUG 31688 --- [Tasks App] [http-nio-8080-exec-7] o.s.w.f.CommonsRequestLoggingFilter      : Before request [POST /api/v1/tasks, client=0:0:0:0:0:0:0:1]
2026-03-28T16:54:57.683+01:00 DEBUG 31688 --- [Tasks App] [http-nio-8080-exec-7] o.s.w.f.CommonsRequestLoggingFilter      : After request [POST /api/v1/tasks, client=0:0:0:0:0:0:0:1, payload={"id":null,"title":"d","description":"fg","dueDate":"2026-03-28","priority":"LOW","status":"OPEN","username":"pera"}]
2026-03-28T16:54:57.699+01:00 DEBUG 31688 --- [Tasks App] [http-nio-8080-exec-8] o.s.w.f.CommonsRequestLoggingFilter      : Before request [GET /api/v1/tasks, client=0:0:0:0:0:0:0:1]
2026-03-28T16:54:57.705+01:00 DEBUG 31688 --- [Tasks App] [http-nio-8080-exec-8] o.s.w.f.CommonsRequestLoggingFilter      : After request [GET /api/v1/tasks, client=0:0:0:0:0:0:0:1]
2026-03-28T16:55:08.031+01:00 DEBUG 31688 --- [Tasks App] [http-nio-8080-exec-9] o.s.w.f.CommonsRequestLoggingFilter      : Before request [POST /api/v1/tasks, client=0:0:0:0:0:0:0:1]
2026-03-28T16:55:08.037+01:00 DEBUG 31688 --- [Tasks App] [http-nio-8080-exec-9] o.s.w.f.CommonsRequestLoggingFilter      : After request [POST /api/v1/tasks, client=0:0:0:0:0:0:0:1, payload={"id":null,"title":"df","description":"ff","dueDate":"2026-03-28","priority":"LOW","status":"OPEN","username":"pera"}]
2026-03-28T16:55:08.050+01:00 DEBUG 31688 --- [Tasks App] [http-nio-8080-exec-10] o.s.w.f.CommonsRequestLoggingFilter      : Before request [GET /api/v1/tasks, client=0:0:0:0:0:0:0:1]
2026-03-28T16:55:08.055+01:00 DEBUG 31688 --- [Tasks App] [http-nio-8080-exec-10] o.s.w.f.CommonsRequestLoggingFilter      : After request [GET /api/v1/tasks, client=0:0:0:0:0:0:0:1]
2026-03-28T16:55:15.559+01:00 DEBUG 31688 --- [Tasks App] [http-nio-8080-exec-1] o.s.w.f.CommonsRequestLoggingFilter      : Before request [POST /api/v1/tasks, client=0:0:0:0:0:0:0:1]
2026-03-28T16:55:15.564+01:00 DEBUG 31688 --- [Tasks App] [http-nio-8080-exec-1] o.s.w.f.CommonsRequestLoggingFilter      : After request [POST /api/v1/tasks, client=0:0:0:0:0:0:0:1, payload={"id":null,"title":"d","description":"f","dueDate":"2026-03-28","priority":"LOW","status":"OPEN","username":"pera"}]
2026-03-28T16:55:15.576+01:00 DEBUG 31688 --- [Tasks App] [http-nio-8080-exec-2] o.s.w.f.CommonsRequestLoggingFilter      : Before request [GET /api/v1/tasks, client=0:0:0:0:0:0:0:1]
2026-03-28T16:55:15.582+01:00 DEBUG 31688 --- [Tasks App] [http-nio-8080-exec-2] o.s.w.f.CommonsRequestLoggingFilter      : After request [GET /api/v1/tasks, client=0:0:0:0:0:0:0:1]
2026-03-28T16:55:18.964+01:00 DEBUG 31688 --- [Tasks App] [http-nio-8080-exec-3] o.s.w.f.CommonsRequestLoggingFilter      : Before request [POST /api/v1/tasks, client=0:0:0:0:0:0:0:1]
2026-03-28T16:55:18.969+01:00 DEBUG 31688 --- [Tasks App] [http-nio-8080-exec-3] o.s.w.f.CommonsRequestLoggingFilter      : After request [POST /api/v1/tasks, client=0:0:0:0:0:0:0:1, payload={"id":null,"title":"f","description":"g","dueDate":"2026-03-28","priority":"LOW","status":"OPEN","username":"pera"}]
2026-03-28T16:55:18.982+01:00 DEBUG 31688 --- [Tasks App] [http-nio-8080-exec-4] o.s.w.f.CommonsRequestLoggingFilter      : Before request [GET /api/v1/tasks, client=0:0:0:0:0:0:0:1]
2026-03-28T16:55:18.988+01:00 DEBUG 31688 --- [Tasks App] [http-nio-8080-exec-4] o.s.w.f.CommonsRequestLoggingFilter      : After request [GET /api/v1/tasks, client=0:0:0:0:0:0:0:1]
2026-03-28T16:55:22.516+01:00 DEBUG 31688 --- [Tasks App] [http-nio-8080-exec-5] o.s.w.f.CommonsRequestLoggingFilter      : Before request [POST /api/v1/tasks, client=0:0:0:0:0:0:0:1]
2026-03-28T16:55:22.522+01:00 DEBUG 31688 --- [Tasks App] [http-nio-8080-exec-5] o.s.w.f.CommonsRequestLoggingFilter      : After request [POST /api/v1/tasks, client=0:0:0:0:0:0:0:1, payload={"id":null,"title":"g","description":"h","dueDate":"2026-03-28","priority":"LOW","status":"OPEN","username":"pera"}]
2026-03-28T16:55:22.534+01:00 DEBUG 31688 --- [Tasks App] [http-nio-8080-exec-6] o.s.w.f.CommonsRequestLoggingFilter      : Before request [GET /api/v1/tasks, client=0:0:0:0:0:0:0:1]
2026-03-28T16:55:22.539+01:00 DEBUG 31688 --- [Tasks App] [http-nio-8080-exec-6] o.s.w.f.CommonsRequestLoggingFilter      : After request [GET /api/v1/tasks, client=0:0:0:0:0:0:0:1]
2026-03-28T16:55:26.682+01:00 DEBUG 31688 --- [Tasks App] [http-nio-8080-exec-7] o.s.w.f.CommonsRequestLoggingFilter      : Before request [POST /api/v1/tasks, client=0:0:0:0:0:0:0:1]
2026-03-28T16:55:26.686+01:00 DEBUG 31688 --- [Tasks App] [http-nio-8080-exec-7] o.s.w.f.CommonsRequestLoggingFilter      : After request [POST /api/v1/tasks, client=0:0:0:0:0:0:0:1, payload={"id":null,"title":"g","description":"h","dueDate":"2026-03-28","priority":"LOW","status":"OPEN","username":"pera"}]
2026-03-28T16:55:26.699+01:00 DEBUG 31688 --- [Tasks App] [http-nio-8080-exec-8] o.s.w.f.CommonsRequestLoggingFilter      : Before request [GET /api/v1/tasks, client=0:0:0:0:0:0:0:1]
2026-03-28T16:55:26.705+01:00 DEBUG 31688 --- [Tasks App] [http-nio-8080-exec-8] o.s.w.f.CommonsRequestLoggingFilter      : After request [GET /api/v1/tasks, client=0:0:0:0:0:0:0:1]
2026-03-28T16:55:34.683+01:00 DEBUG 31688 --- [Tasks App] [http-nio-8080-exec-9] o.s.w.f.CommonsRequestLoggingFilter      : Before request [POST /api/v1/tasks, client=0:0:0:0:0:0:0:1]
2026-03-28T16:55:34.688+01:00 DEBUG 31688 --- [Tasks App] [http-nio-8080-exec-9] o.s.w.f.CommonsRequestLoggingFilter      : After request [POST /api/v1/tasks, client=0:0:0:0:0:0:0:1, payload={"id":null,"title":"d","description":"f","dueDate":"2026-03-28","priority":"LOW","status":"OPEN","username":"pera"}]
2026-03-28T16:55:34.701+01:00 DEBUG 31688 --- [Tasks App] [http-nio-8080-exec-10] o.s.w.f.CommonsRequestLoggingFilter      : Before request [GET /api/v1/tasks, client=0:0:0:0:0:0:0:1]
2026-03-28T16:55:34.707+01:00 DEBUG 31688 --- [Tasks App] [http-nio-8080-exec-10] o.s.w.f.CommonsRequestLoggingFilter      : After request [GET /api/v1/tasks, client=0:0:0:0:0:0:0:1]
2026-03-28T16:55:41.348+01:00 DEBUG 31688 --- [Tasks App] [http-nio-8080-exec-1] o.s.w.f.CommonsRequestLoggingFilter      : Before request [POST /api/v1/tasks, client=0:0:0:0:0:0:0:1]
2026-03-28T16:55:41.354+01:00 DEBUG 31688 --- [Tasks App] [http-nio-8080-exec-1] o.s.w.f.CommonsRequestLoggingFilter      : After request [POST /api/v1/tasks, client=0:0:0:0:0:0:0:1, payload={"id":null,"title":"d","description":"f","dueDate":"2026-03-28","priority":"LOW","status":"OPEN","username":"pera"}]
2026-03-28T16:55:41.367+01:00 DEBUG 31688 --- [Tasks App] [http-nio-8080-exec-2] o.s.w.f.CommonsRequestLoggingFilter      : Before request [GET /api/v1/tasks, client=0:0:0:0:0:0:0:1]
2026-03-28T16:55:41.372+01:00 DEBUG 31688 --- [Tasks App] [http-nio-8080-exec-2] o.s.w.f.CommonsRequestLoggingFilter      : After request [GET /api/v1/tasks, client=0:0:0:0:0:0:0:1]
2026-03-28T16:57:08.265+01:00 DEBUG 31688 --- [Tasks App] [http-nio-8080-exec-3] o.s.w.f.CommonsRequestLoggingFilter      : Before request [GET /api/v1/tasks, client=0:0:0:0:0:0:0:1]
2026-03-28T16:57:08.273+01:00 DEBUG 31688 --- [Tasks App] [http-nio-8080-exec-3] o.s.w.f.CommonsRequestLoggingFilter      : After request [GET /api/v1/tasks, client=0:0:0:0:0:0:0:1]
2026-03-28T17:02:12.841+01:00 DEBUG 31688 --- [Tasks App] [http-nio-8080-exec-4] o.s.w.f.CommonsRequestLoggingFilter      : Before request [PUT /api/v1/tasks/42a77530-51d6-4b3a-b4af-f58d336a5988, client=0:0:0:0:0:0:0:1]
2026-03-28T17:02:12.870+01:00 DEBUG 31688 --- [Tasks App] [http-nio-8080-exec-4] o.s.w.f.CommonsRequestLoggingFilter      : After request [PUT /api/v1/tasks/42a77530-51d6-4b3a-b4af-f58d336a5988, client=0:0:0:0:0:0:0:1, payload={"id":"42a77530-51d6-4b3a-b4af-f58d336a5988","title":"f","description":"g","dueDate":"2026-03-28","status":"COMPLETED","priority":"LOW","username":"pera"}]
2026-03-28T17:02:12.883+01:00 DEBUG 31688 --- [Tasks App] [http-nio-8080-exec-5] o.s.w.f.CommonsRequestLoggingFilter      : Before request [GET /api/v1/tasks, client=0:0:0:0:0:0:0:1]
2026-03-28T17:02:12.889+01:00 DEBUG 31688 --- [Tasks App] [http-nio-8080-exec-5] o.s.w.f.CommonsRequestLoggingFilter      : After request [GET /api/v1/tasks, client=0:0:0:0:0:0:0:1]
2026-03-28T17:02:13.406+01:00 DEBUG 31688 --- [Tasks App] [http-nio-8080-exec-6] o.s.w.f.CommonsRequestLoggingFilter      : Before request [PUT /api/v1/tasks/a358d685-1b40-4197-9bb6-90b9a2182305, client=0:0:0:0:0:0:0:1]
2026-03-28T17:02:13.411+01:00 DEBUG 31688 --- [Tasks App] [http-nio-8080-exec-6] o.s.w.f.CommonsRequestLoggingFilter      : After request [PUT /api/v1/tasks/a358d685-1b40-4197-9bb6-90b9a2182305, client=0:0:0:0:0:0:0:1, payload={"id":"a358d685-1b40-4197-9bb6-90b9a2182305","title":"d","description":"f","dueDate":"2026-03-28","status":"COMPLETED","priority":"LOW","username":"pera"}]
2026-03-28T17:02:13.423+01:00 DEBUG 31688 --- [Tasks App] [http-nio-8080-exec-7] o.s.w.f.CommonsRequestLoggingFilter      : Before request [GET /api/v1/tasks, client=0:0:0:0:0:0:0:1]
2026-03-28T17:02:13.429+01:00 DEBUG 31688 --- [Tasks App] [http-nio-8080-exec-7] o.s.w.f.CommonsRequestLoggingFilter      : After request [GET /api/v1/tasks, client=0:0:0:0:0:0:0:1]
2026-03-28T17:02:14.015+01:00 DEBUG 31688 --- [Tasks App] [http-nio-8080-exec-8] o.s.w.f.CommonsRequestLoggingFilter      : Before request [PUT /api/v1/tasks/67159666-7616-42a4-937b-f35d7c8cb683, client=0:0:0:0:0:0:0:1]
2026-03-28T17:02:14.020+01:00 DEBUG 31688 --- [Tasks App] [http-nio-8080-exec-8] o.s.w.f.CommonsRequestLoggingFilter      : After request [PUT /api/v1/tasks/67159666-7616-42a4-937b-f35d7c8cb683, client=0:0:0:0:0:0:0:1, payload={"id":"67159666-7616-42a4-937b-f35d7c8cb683","title":"df","description":"ff","dueDate":"2026-03-28","status":"COMPLETED","priority":"LOW","username":"pera"}]
2026-03-28T17:02:14.033+01:00 DEBUG 31688 --- [Tasks App] [http-nio-8080-exec-9] o.s.w.f.CommonsRequestLoggingFilter      : Before request [GET /api/v1/tasks, client=0:0:0:0:0:0:0:1]
2026-03-28T17:02:14.039+01:00 DEBUG 31688 --- [Tasks App] [http-nio-8080-exec-9] o.s.w.f.CommonsRequestLoggingFilter      : After request [GET /api/v1/tasks, client=0:0:0:0:0:0:0:1]
2026-03-28T17:02:14.610+01:00 DEBUG 31688 --- [Tasks App] [http-nio-8080-exec-10] o.s.w.f.CommonsRequestLoggingFilter      : Before request [PUT /api/v1/tasks/3f20c919-de00-4a1e-938e-1b7c168349bd, client=0:0:0:0:0:0:0:1]
2026-03-28T17:02:14.614+01:00 DEBUG 31688 --- [Tasks App] [http-nio-8080-exec-10] o.s.w.f.CommonsRequestLoggingFilter      : After request [PUT /api/v1/tasks/3f20c919-de00-4a1e-938e-1b7c168349bd, client=0:0:0:0:0:0:0:1, payload={"id":"3f20c919-de00-4a1e-938e-1b7c168349bd","title":"d","description":"fg","dueDate":"2026-03-28","status":"COMPLETED","priority":"LOW","username":"pera"}]
2026-03-28T17:02:14.625+01:00 DEBUG 31688 --- [Tasks App] [http-nio-8080-exec-1] o.s.w.f.CommonsRequestLoggingFilter      : Before request [GET /api/v1/tasks, client=0:0:0:0:0:0:0:1]
2026-03-28T17:02:14.632+01:00 DEBUG 31688 --- [Tasks App] [http-nio-8080-exec-1] o.s.w.f.CommonsRequestLoggingFilter      : After request [GET /api/v1/tasks, client=0:0:0:0:0:0:0:1]
2026-03-28T17:02:15.584+01:00 DEBUG 31688 --- [Tasks App] [http-nio-8080-exec-2] o.s.w.f.CommonsRequestLoggingFilter      : Before request [DELETE /api/v1/tasks/3f20c919-de00-4a1e-938e-1b7c168349bd, client=0:0:0:0:0:0:0:1]
2026-03-28T17:02:15.588+01:00 DEBUG 31688 --- [Tasks App] [http-nio-8080-exec-2] o.s.w.f.CommonsRequestLoggingFilter      : After request [DELETE /api/v1/tasks/3f20c919-de00-4a1e-938e-1b7c168349bd, client=0:0:0:0:0:0:0:1]
2026-03-28T17:02:15.597+01:00 DEBUG 31688 --- [Tasks App] [http-nio-8080-exec-3] o.s.w.f.CommonsRequestLoggingFilter      : Before request [GET /api/v1/tasks, client=0:0:0:0:0:0:0:1]
2026-03-28T17:02:15.603+01:00 DEBUG 31688 --- [Tasks App] [http-nio-8080-exec-3] o.s.w.f.CommonsRequestLoggingFilter      : After request [GET /api/v1/tasks, client=0:0:0:0:0:0:0:1]
2026-03-28T17:02:15.865+01:00 DEBUG 31688 --- [Tasks App] [http-nio-8080-exec-4] o.s.w.f.CommonsRequestLoggingFilter      : Before request [DELETE /api/v1/tasks/67159666-7616-42a4-937b-f35d7c8cb683, client=0:0:0:0:0:0:0:1]
2026-03-28T17:02:15.868+01:00 DEBUG 31688 --- [Tasks App] [http-nio-8080-exec-4] o.s.w.f.CommonsRequestLoggingFilter      : After request [DELETE /api/v1/tasks/67159666-7616-42a4-937b-f35d7c8cb683, client=0:0:0:0:0:0:0:1]
2026-03-28T17:02:15.878+01:00 DEBUG 31688 --- [Tasks App] [http-nio-8080-exec-5] o.s.w.f.CommonsRequestLoggingFilter      : Before request [GET /api/v1/tasks, client=0:0:0:0:0:0:0:1]
2026-03-28T17:02:15.883+01:00 DEBUG 31688 --- [Tasks App] [http-nio-8080-exec-5] o.s.w.f.CommonsRequestLoggingFilter      : After request [GET /api/v1/tasks, client=0:0:0:0:0:0:0:1]
2026-03-28T17:02:16.052+01:00 DEBUG 31688 --- [Tasks App] [http-nio-8080-exec-6] o.s.w.f.CommonsRequestLoggingFilter      : Before request [DELETE /api/v1/tasks/a358d685-1b40-4197-9bb6-90b9a2182305, client=0:0:0:0:0:0:0:1]
2026-03-28T17:02:16.054+01:00 DEBUG 31688 --- [Tasks App] [http-nio-8080-exec-6] o.s.w.f.CommonsRequestLoggingFilter      : After request [DELETE /api/v1/tasks/a358d685-1b40-4197-9bb6-90b9a2182305, client=0:0:0:0:0:0:0:1]
2026-03-28T17:02:16.065+01:00 DEBUG 31688 --- [Tasks App] [http-nio-8080-exec-7] o.s.w.f.CommonsRequestLoggingFilter      : Before request [GET /api/v1/tasks, client=0:0:0:0:0:0:0:1]
2026-03-28T17:02:16.069+01:00 DEBUG 31688 --- [Tasks App] [http-nio-8080-exec-7] o.s.w.f.CommonsRequestLoggingFilter      : After request [GET /api/v1/tasks, client=0:0:0:0:0:0:0:1]
2026-03-28T17:02:16.248+01:00 DEBUG 31688 --- [Tasks App] [http-nio-8080-exec-8] o.s.w.f.CommonsRequestLoggingFilter      : Before request [DELETE /api/v1/tasks/42a77530-51d6-4b3a-b4af-f58d336a5988, client=0:0:0:0:0:0:0:1]
2026-03-28T17:02:16.251+01:00 DEBUG 31688 --- [Tasks App] [http-nio-8080-exec-8] o.s.w.f.CommonsRequestLoggingFilter      : After request [DELETE /api/v1/tasks/42a77530-51d6-4b3a-b4af-f58d336a5988, client=0:0:0:0:0:0:0:1]
2026-03-28T17:02:16.263+01:00 DEBUG 31688 --- [Tasks App] [http-nio-8080-exec-9] o.s.w.f.CommonsRequestLoggingFilter      : Before request [GET /api/v1/tasks, client=0:0:0:0:0:0:0:1]
2026-03-28T17:02:16.268+01:00 DEBUG 31688 --- [Tasks App] [http-nio-8080-exec-9] o.s.w.f.CommonsRequestLoggingFilter      : After request [GET /api/v1/tasks, client=0:0:0:0:0:0:0:1]
2026-03-28T17:02:16.473+01:00 DEBUG 31688 --- [Tasks App] [http-nio-8080-exec-10] o.s.w.f.CommonsRequestLoggingFilter      : Before request [DELETE /api/v1/tasks/3cbb01d7-3acb-41cc-96c3-0d6e4ee2cb61, client=0:0:0:0:0:0:0:1]
2026-03-28T17:02:16.477+01:00 DEBUG 31688 --- [Tasks App] [http-nio-8080-exec-10] o.s.w.f.CommonsRequestLoggingFilter      : After request [DELETE /api/v1/tasks/3cbb01d7-3acb-41cc-96c3-0d6e4ee2cb61, client=0:0:0:0:0:0:0:1]
2026-03-28T17:02:16.487+01:00 DEBUG 31688 --- [Tasks App] [http-nio-8080-exec-1] o.s.w.f.CommonsRequestLoggingFilter      : Before request [GET /api/v1/tasks, client=0:0:0:0:0:0:0:1]
2026-03-28T17:02:16.491+01:00 DEBUG 31688 --- [Tasks App] [http-nio-8080-exec-1] o.s.w.f.CommonsRequestLoggingFilter      : After request [GET /api/v1/tasks, client=0:0:0:0:0:0:0:1]
2026-03-28T17:02:16.693+01:00 DEBUG 31688 --- [Tasks App] [http-nio-8080-exec-2] o.s.w.f.CommonsRequestLoggingFilter      : Before request [DELETE /api/v1/tasks/83c282e5-650e-43a5-8aad-27913c6dadf7, client=0:0:0:0:0:0:0:1]
2026-03-28T17:02:16.696+01:00 DEBUG 31688 --- [Tasks App] [http-nio-8080-exec-2] o.s.w.f.CommonsRequestLoggingFilter      : After request [DELETE /api/v1/tasks/83c282e5-650e-43a5-8aad-27913c6dadf7, client=0:0:0:0:0:0:0:1]
2026-03-28T17:02:16.706+01:00 DEBUG 31688 --- [Tasks App] [http-nio-8080-exec-3] o.s.w.f.CommonsRequestLoggingFilter      : Before request [GET /api/v1/tasks, client=0:0:0:0:0:0:0:1]
2026-03-28T17:02:16.716+01:00 DEBUG 31688 --- [Tasks App] [http-nio-8080-exec-3] o.s.w.f.CommonsRequestLoggingFilter      : After request [GET /api/v1/tasks, client=0:0:0:0:0:0:0:1]
2026-03-28T17:02:16.901+01:00 DEBUG 31688 --- [Tasks App] [http-nio-8080-exec-4] o.s.w.f.CommonsRequestLoggingFilter      : Before request [DELETE /api/v1/tasks/caa38085-5c7c-4224-b8df-de52013c893d, client=0:0:0:0:0:0:0:1]
2026-03-28T17:02:16.906+01:00 DEBUG 31688 --- [Tasks App] [http-nio-8080-exec-4] o.s.w.f.CommonsRequestLoggingFilter      : After request [DELETE /api/v1/tasks/caa38085-5c7c-4224-b8df-de52013c893d, client=0:0:0:0:0:0:0:1]
2026-03-28T17:02:16.915+01:00 DEBUG 31688 --- [Tasks App] [http-nio-8080-exec-5] o.s.w.f.CommonsRequestLoggingFilter      : Before request [GET /api/v1/tasks, client=0:0:0:0:0:0:0:1]
2026-03-28T17:02:16.921+01:00 DEBUG 31688 --- [Tasks App] [http-nio-8080-exec-5] o.s.w.f.CommonsRequestLoggingFilter      : After request [GET /api/v1/tasks, client=0:0:0:0:0:0:0:1]
2026-03-28T17:02:18.211+01:00 DEBUG 31688 --- [Tasks App] [http-nio-8080-exec-6] o.s.w.f.CommonsRequestLoggingFilter      : Before request [DELETE /api/v1/tasks/92e6ebb6-820f-4cf2-962d-1dad7572bd7e, client=0:0:0:0:0:0:0:1]
2026-03-28T17:02:18.214+01:00 DEBUG 31688 --- [Tasks App] [http-nio-8080-exec-6] o.s.w.f.CommonsRequestLoggingFilter      : After request [DELETE /api/v1/tasks/92e6ebb6-820f-4cf2-962d-1dad7572bd7e, client=0:0:0:0:0:0:0:1]
2026-03-28T17:02:18.224+01:00 DEBUG 31688 --- [Tasks App] [http-nio-8080-exec-7] o.s.w.f.CommonsRequestLoggingFilter      : Before request [GET /api/v1/tasks, client=0:0:0:0:0:0:0:1]
2026-03-28T17:02:18.228+01:00 DEBUG 31688 --- [Tasks App] [http-nio-8080-exec-7] o.s.w.f.CommonsRequestLoggingFilter      : After request [GET /api/v1/tasks, client=0:0:0:0:0:0:0:1]
2026-03-28T17:08:24.303+01:00 DEBUG 25452 --- [Tasks App] [main] o.s.w.f.CommonsRequestLoggingFilter      : Filter 'logFilter' configured for use
2026-03-28T17:08:26.054+01:00  WARN 25452 --- [Tasks App] [main] JpaBaseConfiguration$JpaWebConfiguration : spring.jpa.open-in-view is enabled by default. Therefore, database queries may be performed during view rendering. Explicitly configure spring.jpa.open-in-view to disable this warning
2026-03-28T17:08:26.379+01:00  WARN 25452 --- [Tasks App] [main] c.marko.tasks_app.config.StartupLogger   : ============ APLIKACIJA JE POKRENUTA - 2026-03-28 17:08:26 ============
2026-03-28T17:09:07.547+01:00 DEBUG 25452 --- [Tasks App] [http-nio-8080-exec-1] o.s.w.f.CommonsRequestLoggingFilter      : Before request [GET /api/v1/tasks, client=0:0:0:0:0:0:0:1]
2026-03-28T17:09:07.800+01:00 DEBUG 25452 --- [Tasks App] [http-nio-8080-exec-1] o.s.w.f.CommonsRequestLoggingFilter      : After request [GET /api/v1/tasks, client=0:0:0:0:0:0:0:1]
2026-03-28T17:09:11.946+01:00 DEBUG 25452 --- [Tasks App] [http-nio-8080-exec-2] o.s.w.f.CommonsRequestLoggingFilter      : Before request [PUT /api/v1/tasks/68d582c2-5334-4542-86e9-54031a110bd8, client=0:0:0:0:0:0:0:1]
2026-03-28T17:09:12.040+01:00 DEBUG 25452 --- [Tasks App] [http-nio-8080-exec-2] o.s.w.f.CommonsRequestLoggingFilter      : After request [PUT /api/v1/tasks/68d582c2-5334-4542-86e9-54031a110bd8, client=0:0:0:0:0:0:0:1, payload={"id":"68d582c2-5334-4542-86e9-54031a110bd8","title":"Task 3","description":"Task 3 description","dueDate":"2026-06-17","priority":"MEDIUM","status":"COMPLETED","username":"pera"}]
2026-03-28T17:09:12.054+01:00 DEBUG 25452 --- [Tasks App] [http-nio-8080-exec-3] o.s.w.f.CommonsRequestLoggingFilter      : Before request [GET /api/v1/tasks, client=0:0:0:0:0:0:0:1]
2026-03-28T17:09:12.059+01:00 DEBUG 25452 --- [Tasks App] [http-nio-8080-exec-3] o.s.w.f.CommonsRequestLoggingFilter      : After request [GET /api/v1/tasks, client=0:0:0:0:0:0:0:1]
2026-03-28T17:33:30.629+01:00 DEBUG 26292 --- [Tasks App] [main] o.s.w.f.CommonsRequestLoggingFilter      : Filter 'logFilter' configured for use
2026-03-28T17:33:32.544+01:00  WARN 26292 --- [Tasks App] [main] JpaBaseConfiguration$JpaWebConfiguration : spring.jpa.open-in-view is enabled by default. Therefore, database queries may be performed during view rendering. Explicitly configure spring.jpa.open-in-view to disable this warning
2026-03-28T17:33:32.961+01:00  WARN 26292 --- [Tasks App] [main] c.marko.tasks_app.config.StartupLogger   : ============ APLIKACIJA JE POKRENUTA - 2026-03-28 17:33:32 ============
2026-03-28T17:33:51.254+01:00 DEBUG 26292 --- [Tasks App] [http-nio-8080-exec-1] o.s.w.f.CommonsRequestLoggingFilter      : Before request [GET /api/v1/tasks, client=0:0:0:0:0:0:0:1]
2026-03-28T17:33:51.472+01:00 DEBUG 26292 --- [Tasks App] [http-nio-8080-exec-1] o.s.w.f.CommonsRequestLoggingFilter      : After request [GET /api/v1/tasks, client=0:0:0:0:0:0:0:1]
2026-03-28T17:33:59.681+01:00 DEBUG 26292 --- [Tasks App] [http-nio-8080-exec-2] o.s.w.f.CommonsRequestLoggingFilter      : Before request [PUT /api/v1/tasks/00447329-a832-444e-9572-25ffcb7a73fe, client=0:0:0:0:0:0:0:1]
2026-03-28T17:33:59.788+01:00 DEBUG 26292 --- [Tasks App] [http-nio-8080-exec-2] o.s.w.f.CommonsRequestLoggingFilter      : After request [PUT /api/v1/tasks/00447329-a832-444e-9572-25ffcb7a73fe, client=0:0:0:0:0:0:0:1, payload={"id":"00447329-a832-444e-9572-25ffcb7a73fe","title":"Task 4","description":"Task 4 description","dueDate":"2026-05-05","priority":"HIGH","status":"OPEN","username":"pera"}]
2026-03-28T17:33:59.801+01:00 DEBUG 26292 --- [Tasks App] [http-nio-8080-exec-3] o.s.w.f.CommonsRequestLoggingFilter      : Before request [GET /api/v1/tasks, client=0:0:0:0:0:0:0:1]
2026-03-28T17:33:59.807+01:00 DEBUG 26292 --- [Tasks App] [http-nio-8080-exec-3] o.s.w.f.CommonsRequestLoggingFilter      : After request [GET /api/v1/tasks, client=0:0:0:0:0:0:0:1]
2026-03-28T17:42:40.712+01:00 DEBUG 26292 --- [Tasks App] [http-nio-8080-exec-4] o.s.w.f.CommonsRequestLoggingFilter      : Before request [GET /api/v1/tasks, client=0:0:0:0:0:0:0:1]
2026-03-28T17:42:40.718+01:00 DEBUG 26292 --- [Tasks App] [http-nio-8080-exec-4] o.s.w.f.CommonsRequestLoggingFilter      : After request [GET /api/v1/tasks, client=0:0:0:0:0:0:0:1]
2026-03-28T17:42:43.820+01:00 DEBUG 26292 --- [Tasks App] [http-nio-8080-exec-5] o.s.w.f.CommonsRequestLoggingFilter      : Before request [PUT /api/v1/tasks/6c71dcaa-e3ce-426b-b4ba-c46e8a638632, client=0:0:0:0:0:0:0:1]
2026-03-28T17:42:43.826+01:00 DEBUG 26292 --- [Tasks App] [http-nio-8080-exec-5] o.s.w.f.CommonsRequestLoggingFilter      : After request [PUT /api/v1/tasks/6c71dcaa-e3ce-426b-b4ba-c46e8a638632, client=0:0:0:0:0:0:0:1, payload={"id":"6c71dcaa-e3ce-426b-b4ba-c46e8a638632","title":"Task 2aaaa","description":"Task 2 description","dueDate":"2026-03-14","priority":"MEDIUM","status":"COMPLETED","username":"pera"}]
2026-03-28T17:42:43.838+01:00 DEBUG 26292 --- [Tasks App] [http-nio-8080-exec-6] o.s.w.f.CommonsRequestLoggingFilter      : Before request [GET /api/v1/tasks, client=0:0:0:0:0:0:0:1]
2026-03-28T17:42:43.844+01:00 DEBUG 26292 --- [Tasks App] [http-nio-8080-exec-6] o.s.w.f.CommonsRequestLoggingFilter      : After request [GET /api/v1/tasks, client=0:0:0:0:0:0:0:1]
2026-03-28T17:42:50.820+01:00 DEBUG 26292 --- [Tasks App] [http-nio-8080-exec-7] o.s.w.f.CommonsRequestLoggingFilter      : Before request [PUT /api/v1/tasks/6c71dcaa-e3ce-426b-b4ba-c46e8a638632, client=0:0:0:0:0:0:0:1]
2026-03-28T17:42:50.826+01:00 DEBUG 26292 --- [Tasks App] [http-nio-8080-exec-7] o.s.w.f.CommonsRequestLoggingFilter      : After request [PUT /api/v1/tasks/6c71dcaa-e3ce-426b-b4ba-c46e8a638632, client=0:0:0:0:0:0:0:1, payload={"id":"6c71dcaa-e3ce-426b-b4ba-c46e8a638632","title":"Task 2aaaa","description":"Task 2 description","dueDate":"2026-03-26","priority":"MEDIUM","status":"COMPLETED","username":"pera"}]
2026-03-28T17:42:50.839+01:00 DEBUG 26292 --- [Tasks App] [http-nio-8080-exec-8] o.s.w.f.CommonsRequestLoggingFilter      : Before request [GET /api/v1/tasks, client=0:0:0:0:0:0:0:1]
2026-03-28T17:42:50.845+01:00 DEBUG 26292 --- [Tasks App] [http-nio-8080-exec-8] o.s.w.f.CommonsRequestLoggingFilter      : After request [GET /api/v1/tasks, client=0:0:0:0:0:0:0:1]
2026-03-28T17:42:52.992+01:00 DEBUG 26292 --- [Tasks App] [http-nio-8080-exec-9] o.s.w.f.CommonsRequestLoggingFilter      : Before request [DELETE /api/v1/tasks/6c71dcaa-e3ce-426b-b4ba-c46e8a638632, client=0:0:0:0:0:0:0:1]
2026-03-28T17:42:53.002+01:00 DEBUG 26292 --- [Tasks App] [http-nio-8080-exec-9] o.s.w.f.CommonsRequestLoggingFilter      : After request [DELETE /api/v1/tasks/6c71dcaa-e3ce-426b-b4ba-c46e8a638632, client=0:0:0:0:0:0:0:1]
2026-03-28T17:42:53.014+01:00 DEBUG 26292 --- [Tasks App] [http-nio-8080-exec-10] o.s.w.f.CommonsRequestLoggingFilter      : Before request [GET /api/v1/tasks, client=0:0:0:0:0:0:0:1]
2026-03-28T17:42:53.019+01:00 DEBUG 26292 --- [Tasks App] [http-nio-8080-exec-10] o.s.w.f.CommonsRequestLoggingFilter      : After request [GET /api/v1/tasks, client=0:0:0:0:0:0:0:1]
2026-03-28T17:42:54.074+01:00 DEBUG 26292 --- [Tasks App] [http-nio-8080-exec-1] o.s.w.f.CommonsRequestLoggingFilter      : Before request [PUT /api/v1/tasks/d9d53982-0775-4bd9-9de1-bd24da0b5bfe, client=0:0:0:0:0:0:0:1]
2026-03-28T17:42:54.080+01:00 DEBUG 26292 --- [Tasks App] [http-nio-8080-exec-1] o.s.w.f.CommonsRequestLoggingFilter      : After request [PUT /api/v1/tasks/d9d53982-0775-4bd9-9de1-bd24da0b5bfe, client=0:0:0:0:0:0:0:1, payload={"id":"d9d53982-0775-4bd9-9de1-bd24da0b5bfe","title":"Task 3","description":"Task 3 description","dueDate":"2026-06-17","status":"OPEN","priority":"LOW","username":"pera"}]
2026-03-28T17:42:54.092+01:00 DEBUG 26292 --- [Tasks App] [http-nio-8080-exec-2] o.s.w.f.CommonsRequestLoggingFilter      : Before request [GET /api/v1/tasks, client=0:0:0:0:0:0:0:1]
2026-03-28T17:42:54.098+01:00 DEBUG 26292 --- [Tasks App] [http-nio-8080-exec-2] o.s.w.f.CommonsRequestLoggingFilter      : After request [GET /api/v1/tasks, client=0:0:0:0:0:0:0:1]
2026-03-28T17:42:58.231+01:00 DEBUG 26292 --- [Tasks App] [http-nio-8080-exec-3] o.s.w.f.CommonsRequestLoggingFilter      : Before request [POST /api/v1/tasks, client=0:0:0:0:0:0:0:1]
2026-03-28T17:42:58.533+01:00 DEBUG 26292 --- [Tasks App] [http-nio-8080-exec-3] o.s.w.f.CommonsRequestLoggingFilter      : After request [POST /api/v1/tasks, client=0:0:0:0:0:0:0:1, payload={"id":null,"title":"z","description":"x","dueDate":"2026-03-28","priority":"LOW","status":"OPEN","username":"pera"}]
2026-03-28T17:42:58.547+01:00 DEBUG 26292 --- [Tasks App] [http-nio-8080-exec-4] o.s.w.f.CommonsRequestLoggingFilter      : Before request [GET /api/v1/tasks, client=0:0:0:0:0:0:0:1]
2026-03-28T17:42:58.553+01:00 DEBUG 26292 --- [Tasks App] [http-nio-8080-exec-4] o.s.w.f.CommonsRequestLoggingFilter      : After request [GET /api/v1/tasks, client=0:0:0:0:0:0:0:1]
2026-03-28T17:43:03.829+01:00 DEBUG 26292 --- [Tasks App] [http-nio-8080-exec-5] o.s.w.f.CommonsRequestLoggingFilter      : Before request [POST /api/v1/tasks, client=0:0:0:0:0:0:0:1]
2026-03-28T17:43:03.836+01:00 DEBUG 26292 --- [Tasks App] [http-nio-8080-exec-5] o.s.w.f.CommonsRequestLoggingFilter      : After request [POST /api/v1/tasks, client=0:0:0:0:0:0:0:1, payload={"id":null,"title":"c","description":"c","dueDate":"2026-03-28","priority":"LOW","status":"OPEN","username":"pera"}]
2026-03-28T17:43:03.849+01:00 DEBUG 26292 --- [Tasks App] [http-nio-8080-exec-6] o.s.w.f.CommonsRequestLoggingFilter      : Before request [GET /api/v1/tasks, client=0:0:0:0:0:0:0:1]
2026-03-28T17:43:03.854+01:00 DEBUG 26292 --- [Tasks App] [http-nio-8080-exec-6] o.s.w.f.CommonsRequestLoggingFilter      : After request [GET /api/v1/tasks, client=0:0:0:0:0:0:0:1]
2026-03-28T17:43:07.873+01:00 DEBUG 26292 --- [Tasks App] [http-nio-8080-exec-7] o.s.w.f.CommonsRequestLoggingFilter      : Before request [PUT /api/v1/tasks/05bf8728-63c1-46d2-9024-9c0018e9e025, client=0:0:0:0:0:0:0:1]
2026-03-28T17:43:07.880+01:00 DEBUG 26292 --- [Tasks App] [http-nio-8080-exec-7] o.s.w.f.CommonsRequestLoggingFilter      : After request [PUT /api/v1/tasks/05bf8728-63c1-46d2-9024-9c0018e9e025, client=0:0:0:0:0:0:0:1, payload={"id":"05bf8728-63c1-46d2-9024-9c0018e9e025","title":"z","description":"x","dueDate":"2026-03-28","priority":"MEDIUM","status":"OPEN","username":"pera"}]
2026-03-28T17:43:07.891+01:00 DEBUG 26292 --- [Tasks App] [http-nio-8080-exec-8] o.s.w.f.CommonsRequestLoggingFilter      : Before request [GET /api/v1/tasks, client=0:0:0:0:0:0:0:1]
2026-03-28T17:43:07.897+01:00 DEBUG 26292 --- [Tasks App] [http-nio-8080-exec-8] o.s.w.f.CommonsRequestLoggingFilter      : After request [GET /api/v1/tasks, client=0:0:0:0:0:0:0:1]
